{"level":"info","time":"2023-08-28T21:28:32.837+0530","caller":"cmd/lt.go:183","msg":"LambdaTest Tunnel version: 3.1.31"}
{"level":"debug","time":"2023-08-28T21:28:32.840+0530","caller":"core/lifecycle.go:41","msg":"Starting pipeline....."}
{"level":"debug","time":"2023-08-28T21:28:32.840+0530","caller":"core/lifecycle.go:42","msg":"OS: windows, Arch: amd64"}
{"level":"debug","time":"2023-08-28T21:28:32.840+0530","caller":"core/lifecycle.go:43","msg":"Fetching config"}
{"level":"warn","time":"2023-08-28T21:28:32.840+0530","caller":"configmanager/setup.go:79","msg":"Tunnel Name was not specified, using: 026548f7-2d5d-4a6e-9408-0d7e6b6a85b2"}
{"level":"debug","time":"2023-08-28T21:28:32.840+0530","caller":"core/lifecycle.go:65","msg":"Starting tunnel With flags: --user ritamg@lambdatest.com --key *****"}
{"level":"debug","time":"2023-08-28T21:28:33.557+0530","caller":"core/lifecycle.go:83","msg":"Remote config fetched"}
{"level":"debug","time":"2023-08-28T21:28:33.614+0530","caller":"custom/setup.go:750","msg":"Starting sink proxy"}
{"level":"debug","time":"2023-08-28T21:28:33.614+0530","caller":"networkscanner/setup.go:63","msg":"Trying on port 22"}
{"level":"debug","time":"2023-08-28T21:28:33.614+0530","caller":"networkscanner/setup.go:97","msg":"Trying on port 443"}
{"level":"debug","time":"2023-08-28T21:28:33.614+0530","caller":"networkscanner/setup.go:131","msg":"Trying over ssh over ws"}
{"level":"info","time":"2023-08-28T21:28:33.673+0530","caller":"custom/setup.go:697","msg":"Tunnel binary started on port :9090"}
{"level":"debug","time":"2023-08-28T21:28:33.793+0530","caller":"networkscanner/setup.go:148","msg":"WSS connection was successful"}
{"level":"debug","time":"2023-08-28T21:28:34.531+0530","caller":"networkscanner/setup.go:118","msg":"SSH connection over port 443 successful"}
{"level":"debug","time":"2023-08-28T21:28:34.566+0530","caller":"networkscanner/setup.go:173","msg":"SSH connection over ws successful"}
{"level":"debug","time":"2023-08-28T21:28:34.670+0530","caller":"networkscanner/setup.go:84","msg":"SSH connection over port 22 successful"}
{"level":"info","time":"2023-08-28T21:28:34.671+0530","caller":"core/lifecycle.go:120","msg":"Using ssh(over_22) :: connection mode"}
{"level":"info","time":"2023-08-28T21:28:34.671+0530","caller":"core/lifecycle.go:250","msg":"Launching tunnel"}
{"level":"debug","time":"2023-08-28T21:28:34.671+0530","caller":"ws/control.go:34","msg":"Starting control ws connection at wss://ts.lambdatest.com/monitor"}
{"level":"debug","time":"2023-08-28T21:28:35.239+0530","caller":"ws/control.go:72","msg":"Control ws channel opened"}
{"level":"debug","time":"2023-08-28T21:28:35.239+0530","caller":"ws/control.go:131","msg":"Starting message listener on control connection"}
{"level":"debug","time":"2023-08-28T21:28:36.842+0530","caller":"core/lifecycle.go:322","msg":"Sending tunnel registered message to channels"}
{"level":"debug","time":"2023-08-28T21:28:36.842+0530","caller":"ws/control.go:196","msg":"Tunnel registered message received on control channel"}
{"level":"debug","time":"2023-08-28T21:28:36.843+0530","caller":"ws/control.go:200","msg":"controller bus registered"}
{"level":"debug","time":"2023-08-28T21:28:36.842+0530","caller":"ssh/setup.go:71","msg":"Using 5 ssh connection"}
{"level":"debug","time":"2023-08-28T21:28:37.893+0530","caller":"ssh/ssh.go:216","msg":"Successfully started sshd listener on port: 19419"}
{"level":"debug","time":"2023-08-28T21:28:37.898+0530","caller":"ssh/ssh.go:216","msg":"Successfully started sshd listener on port: 20975"}
{"level":"debug","time":"2023-08-28T21:28:37.898+0530","caller":"ssh/ssh.go:216","msg":"Successfully started sshd listener on port: 11864"}
{"level":"info","time":"2023-08-28T21:28:37.898+0530","caller":"core/lifecycle.go:336","msg":"You can start testing now"}
{"level":"info","time":"2023-08-28T21:28:37.898+0530","caller":"core/lifecycle.go:337","msg":"Tunnel ID: 4566209"}
{"level":"debug","time":"2023-08-28T21:28:37.898+0530","caller":"core/lifecycle.go:338","msg":"Remote Listener Started on Port 5869"}
{"level":"debug","time":"2023-08-28T21:28:38.017+0530","caller":"ssh/ssh.go:216","msg":"Successfully started sshd listener on port: 4979"}
{"level":"debug","time":"2023-08-28T21:28:38.070+0530","caller":"ssh/ssh.go:216","msg":"Successfully started sshd listener on port: 26486"}
